<?xml version="1.0" encoding="UTF-8"?>
<!-- Generated by org.testng.reporters.JUnitReportReporter -->
<testsuite name="com.rvsautobots.runtest.RunTest" tests="1" time="0.758" ignored="0" failures="0" timestamp="25 Mar 2020 16:31:30 GMT" skipped="0" hostname="RVSKCH309LT" errors="0">
  <testcase name="feature" time="0.758" classname="com.rvsautobots.runtest.RunTest"/>
</testsuite> <!-- com.rvsautobots.runtest.RunTest -->
